mode: set
github.com/olenka--91/reminder-app/internal/transport/rest/handler.go:12.49,14.2 1 1
github.com/olenka--91/reminder-app/internal/transport/rest/handler.go:16.44,20.2 3 0
github.com/olenka--91/reminder-app/internal/transport/rest/handler.go:20.2,26.3 5 0
github.com/olenka--91/reminder-app/internal/transport/rest/handler.go:28.2,29.2 2 0
github.com/olenka--91/reminder-app/internal/transport/rest/handler.go:29.2,32.3 2 0
github.com/olenka--91/reminder-app/internal/transport/rest/handler.go:34.2,34.15 1 0
github.com/olenka--91/reminder-app/internal/transport/rest/middleware.go:16.45,18.9 2 1
github.com/olenka--91/reminder-app/internal/transport/rest/middleware.go:18.9,20.3 1 1
github.com/olenka--91/reminder-app/internal/transport/rest/middleware.go:22.2,23.9 2 1
github.com/olenka--91/reminder-app/internal/transport/rest/middleware.go:23.9,25.3 1 0
github.com/olenka--91/reminder-app/internal/transport/rest/middleware.go:26.2,26.19 1 1
github.com/olenka--91/reminder-app/internal/transport/rest/middleware.go:29.48,31.18 2 1
github.com/olenka--91/reminder-app/internal/transport/rest/middleware.go:31.18,34.3 2 1
github.com/olenka--91/reminder-app/internal/transport/rest/middleware.go:36.2,37.57 2 1
github.com/olenka--91/reminder-app/internal/transport/rest/middleware.go:37.57,40.3 2 1
github.com/olenka--91/reminder-app/internal/transport/rest/middleware.go:42.2,42.30 1 1
github.com/olenka--91/reminder-app/internal/transport/rest/middleware.go:42.30,45.3 2 1
github.com/olenka--91/reminder-app/internal/transport/rest/middleware.go:47.2,48.16 2 1
github.com/olenka--91/reminder-app/internal/transport/rest/middleware.go:48.16,51.3 2 0
github.com/olenka--91/reminder-app/internal/transport/rest/middleware.go:52.2,52.24 1 1
github.com/olenka--91/reminder-app/internal/transport/rest/remind_handler.go:12.50,14.16 2 0
github.com/olenka--91/reminder-app/internal/transport/rest/remind_handler.go:14.16,16.3 1 0
github.com/olenka--91/reminder-app/internal/transport/rest/remind_handler.go:18.2,19.45 2 0
github.com/olenka--91/reminder-app/internal/transport/rest/remind_handler.go:19.45,21.3 1 0
github.com/olenka--91/reminder-app/internal/transport/rest/remind_handler.go:23.2,24.16 2 0
github.com/olenka--91/reminder-app/internal/transport/rest/remind_handler.go:24.16,26.3 1 0
github.com/olenka--91/reminder-app/internal/transport/rest/remind_handler.go:28.2,30.4 1 0
github.com/olenka--91/reminder-app/internal/transport/rest/remind_handler.go:38.51,40.16 2 0
github.com/olenka--91/reminder-app/internal/transport/rest/remind_handler.go:40.16,42.3 1 0
github.com/olenka--91/reminder-app/internal/transport/rest/remind_handler.go:44.2,46.16 2 0
github.com/olenka--91/reminder-app/internal/transport/rest/remind_handler.go:46.16,48.3 1 0
github.com/olenka--91/reminder-app/internal/transport/rest/remind_handler.go:50.2,52.4 1 0
github.com/olenka--91/reminder-app/internal/transport/rest/remind_handler.go:55.51,57.16 2 0
github.com/olenka--91/reminder-app/internal/transport/rest/remind_handler.go:57.16,59.3 1 0
github.com/olenka--91/reminder-app/internal/transport/rest/remind_handler.go:60.2,61.16 2 0
github.com/olenka--91/reminder-app/internal/transport/rest/remind_handler.go:61.16,64.3 2 0
github.com/olenka--91/reminder-app/internal/transport/rest/remind_handler.go:66.2,68.16 2 0
github.com/olenka--91/reminder-app/internal/transport/rest/remind_handler.go:68.16,71.3 2 0
github.com/olenka--91/reminder-app/internal/transport/rest/remind_handler.go:73.2,73.30 1 0
github.com/olenka--91/reminder-app/internal/transport/rest/remind_handler.go:76.50,78.16 2 0
github.com/olenka--91/reminder-app/internal/transport/rest/remind_handler.go:78.16,80.3 1 0
github.com/olenka--91/reminder-app/internal/transport/rest/remind_handler.go:82.2,83.16 2 0
github.com/olenka--91/reminder-app/internal/transport/rest/remind_handler.go:83.16,86.3 2 0
github.com/olenka--91/reminder-app/internal/transport/rest/remind_handler.go:88.2,89.16 2 0
github.com/olenka--91/reminder-app/internal/transport/rest/remind_handler.go:89.16,92.3 2 0
github.com/olenka--91/reminder-app/internal/transport/rest/remind_handler.go:93.2,95.4 1 0
github.com/olenka--91/reminder-app/internal/transport/rest/remind_handler.go:99.50,101.16 2 0
github.com/olenka--91/reminder-app/internal/transport/rest/remind_handler.go:101.16,103.3 1 0
github.com/olenka--91/reminder-app/internal/transport/rest/remind_handler.go:104.2,105.16 2 0
github.com/olenka--91/reminder-app/internal/transport/rest/remind_handler.go:105.16,108.3 2 0
github.com/olenka--91/reminder-app/internal/transport/rest/remind_handler.go:110.2,111.44 2 0
github.com/olenka--91/reminder-app/internal/transport/rest/remind_handler.go:111.44,114.3 2 0
github.com/olenka--91/reminder-app/internal/transport/rest/remind_handler.go:116.2,117.16 2 0
github.com/olenka--91/reminder-app/internal/transport/rest/remind_handler.go:117.16,120.3 2 0
github.com/olenka--91/reminder-app/internal/transport/rest/remind_handler.go:122.2,124.4 1 0
github.com/olenka--91/reminder-app/internal/transport/rest/responce.go:16.71,19.2 2 1
github.com/olenka--91/reminder-app/internal/transport/rest/user_handler.go:11.44,14.45 2 1
github.com/olenka--91/reminder-app/internal/transport/rest/user_handler.go:14.45,17.3 2 1
github.com/olenka--91/reminder-app/internal/transport/rest/user_handler.go:19.2,21.16 2 1
github.com/olenka--91/reminder-app/internal/transport/rest/user_handler.go:21.16,24.3 2 1
github.com/olenka--91/reminder-app/internal/transport/rest/user_handler.go:26.2,28.4 1 1
github.com/olenka--91/reminder-app/internal/transport/rest/user_handler.go:37.44,40.45 2 0
github.com/olenka--91/reminder-app/internal/transport/rest/user_handler.go:40.45,42.3 1 0
github.com/olenka--91/reminder-app/internal/transport/rest/user_handler.go:44.2,46.16 2 0
github.com/olenka--91/reminder-app/internal/transport/rest/user_handler.go:46.16,48.3 1 0
github.com/olenka--91/reminder-app/internal/transport/rest/user_handler.go:50.2,52.4 1 0
